Simulator report for anemometre
Mon Sep 28 10:39:57 2020
Quartus II Version 9.0 Build 235 06/17/2009 Service Pack 2 SJ Web Edition


---------------------
; Table of Contents ;
---------------------
  1. Legal Notice
  2. Simulator Summary
  3. Simulator Settings
  4. Simulation Waveforms
  5. Simulation Signal Activity
  6. Coverage Summary
  7. Complete 1/0-Value Coverage
  8. Missing 1-Value Coverage
  9. Missing 0-Value Coverage
 10. Simulator INI Usage
 11. Simulator Messages



----------------
; Legal Notice ;
----------------
Copyright (C) 1991-2009 Altera Corporation
Your use of Altera Corporation's design tools, logic functions 
and other software and tools, and its AMPP partner logic 
functions, and any output files from any of the foregoing 
(including device programming or simulation files), and any 
associated documentation or information are expressly subject 
to the terms and conditions of the Altera Program License 
Subscription Agreement, Altera MegaCore Function License 
Agreement, or other applicable license agreement, including, 
without limitation, that your use is for the sole purpose of 
programming logic devices manufactured by Altera and sold by 
Altera or its authorized distributors.  Please refer to the 
applicable agreement for further details.



+--------------------------------------------+
; Simulator Summary                          ;
+-----------------------------+--------------+
; Type                        ; Value        ;
+-----------------------------+--------------+
; Simulation Start Time       ; 0 ps         ;
; Simulation End Time         ; 20.0 us      ;
; Simulation Netlist Size     ; 85 nodes     ;
; Simulation Coverage         ;      30.59 % ;
; Total Number of Transitions ; 19969        ;
; Simulation Breakpoints      ; 0            ;
; Family                      ; Cyclone II   ;
+-----------------------------+--------------+


+-----------------------------------------------------------------------------------------------------------------------------------+
; Simulator Settings                                                                                                                ;
+--------------------------------------------------------------------------------------------+----------------------+---------------+
; Option                                                                                     ; Setting              ; Default Value ;
+--------------------------------------------------------------------------------------------+----------------------+---------------+
; Simulation mode                                                                            ; Functional           ; Timing        ;
; Start time                                                                                 ; 0 ns                 ; 0 ns          ;
; Simulation results format                                                                  ; CVWF                 ;               ;
; Vector input source                                                                        ; Conversion_2_sim.vwf ;               ;
; Add pins automatically to simulation output waveforms                                      ; On                   ; On            ;
; Check outputs                                                                              ; Off                  ; Off           ;
; Report simulation coverage                                                                 ; On                   ; On            ;
; Display complete 1/0 value coverage report                                                 ; On                   ; On            ;
; Display missing 1-value coverage report                                                    ; On                   ; On            ;
; Display missing 0-value coverage report                                                    ; On                   ; On            ;
; Detect setup and hold time violations                                                      ; Off                  ; Off           ;
; Detect glitches                                                                            ; Off                  ; Off           ;
; Disable timing delays in Timing Simulation                                                 ; Off                  ; Off           ;
; Generate Signal Activity File                                                              ; On                   ; Off           ;
; Signal Activity File output destination                                                    ; anemometre.saf       ;               ;
; Generate VCD File for PowerPlay Power Analyzer                                             ; Off                  ; Off           ;
; Group bus channels in simulation results                                                   ; Off                  ; Off           ;
; Preserve fewer signal transitions to reduce memory requirements                            ; On                   ; On            ;
; Trigger vector comparison with the specified mode                                          ; INPUT_EDGE           ; INPUT_EDGE    ;
; Disable setup and hold time violations detection in input registers of bi-directional pins ; Off                  ; Off           ;
; Overwrite Waveform Inputs With Simulation Outputs                                          ; On                   ;               ;
; Perform Glitch Filtering in Timing Simulation                                              ; Auto                 ; Auto          ;
+--------------------------------------------------------------------------------------------+----------------------+---------------+


+----------------------+
; Simulation Waveforms ;
+----------------------+
Waveform report data cannot be output to ASCII.
Please use Quartus II to view the waveform report data.


Start time : 0 ps
End time : 20.0 us
Time duration : 20.0 us

+---------------------------------------------------------------------------------------------------------------------------------------------+
; Simulation Signal Activity                                                                                                                  ;
+----------------------------+----------------------------+------------------+--------------+--------------------+----------------------------+
; Node Name                  ; Output Port Name           ; Output Port Type ; Toggle Count ; VCC Value Duration ; X (Unknown) Value Duration ;
+----------------------------+----------------------------+------------------+--------------+--------------------+----------------------------+
; |Conversion_2|cpt_sig~0    ; |Conversion_2|cpt_sig~0    ; out              ;        0.0   ; 0 ps               ; 0 ps                       ;
; |Conversion_2|data~0       ; |Conversion_2|data~0       ; out              ;        0.0   ; 0 ps               ; 0 ps                       ;
; |Conversion_2|data~1       ; |Conversion_2|data~1       ; out              ;        0.0   ; 0 ps               ; 0 ps                       ;
; |Conversion_2|data~2       ; |Conversion_2|data~2       ; out              ;        0.0   ; 0 ps               ; 0 ps                       ;
; |Conversion_2|data~3       ; |Conversion_2|data~3       ; out              ;        0.0   ; 0 ps               ; 0 ps                       ;
; |Conversion_2|data~4       ; |Conversion_2|data~4       ; out              ;        0.0   ; 0 ps               ; 0 ps                       ;
; |Conversion_2|data~5       ; |Conversion_2|data~5       ; out              ;        1.0   ; 19.85 us           ; 0 ps                       ;
; |Conversion_2|data~6       ; |Conversion_2|data~6       ; out              ;        2.0   ; 100.0 ns           ; 0 ps                       ;
; |Conversion_2|data~7       ; |Conversion_2|data~7       ; out              ;        1.0   ; 19.95 us           ; 0 ps                       ;
; |Conversion_2|data_sig[0]  ; |Conversion_2|data_sig[0]  ; regout           ;      798.0   ; 3.99 us            ; 0 ps                       ;
; |Conversion_2|cpt_sig[7]   ; |Conversion_2|cpt_sig[7]   ; regout           ;        0.0   ; 0 ps               ; 0 ps                       ;
; |Conversion_2|cpt_sig[6]   ; |Conversion_2|cpt_sig[6]   ; regout           ;        0.0   ; 0 ps               ; 0 ps                       ;
; |Conversion_2|cpt_sig[5]   ; |Conversion_2|cpt_sig[5]   ; regout           ;        0.0   ; 0 ps               ; 0 ps                       ;
; |Conversion_2|cpt_sig[4]   ; |Conversion_2|cpt_sig[4]   ; regout           ;        0.0   ; 0 ps               ; 0 ps                       ;
; |Conversion_2|cpt_sig[3]   ; |Conversion_2|cpt_sig[3]   ; regout           ;        0.0   ; 0 ps               ; 0 ps                       ;
; |Conversion_2|cpt_sig[2]   ; |Conversion_2|cpt_sig[2]   ; regout           ;      398.0   ; 3.98 us            ; 0 ps                       ;
; |Conversion_2|cpt_sig[1]   ; |Conversion_2|cpt_sig[1]   ; regout           ;      400.0   ; 4.0 us             ; 0 ps                       ;
; |Conversion_2|cpt_sig[0]   ; |Conversion_2|cpt_sig[0]   ; regout           ;     1198.0   ; 5.99 us            ; 0 ps                       ;
; |Conversion_2|data[7]~reg0 ; |Conversion_2|data[7]~reg0 ; regout           ;        0.0   ; 0 ps               ; 0 ps                       ;
; |Conversion_2|data[6]~reg0 ; |Conversion_2|data[6]~reg0 ; regout           ;        0.0   ; 0 ps               ; 0 ps                       ;
; |Conversion_2|data[5]~reg0 ; |Conversion_2|data[5]~reg0 ; regout           ;        0.0   ; 0 ps               ; 0 ps                       ;
; |Conversion_2|data[4]~reg0 ; |Conversion_2|data[4]~reg0 ; regout           ;        0.0   ; 0 ps               ; 0 ps                       ;
; |Conversion_2|data[3]~reg0 ; |Conversion_2|data[3]~reg0 ; regout           ;        0.0   ; 0 ps               ; 0 ps                       ;
; |Conversion_2|data[2]~reg0 ; |Conversion_2|data[2]~reg0 ; regout           ;        1.0   ; 19.85 us           ; 0 ps                       ;
; |Conversion_2|data[1]~reg0 ; |Conversion_2|data[1]~reg0 ; regout           ;        2.0   ; 100.0 ns           ; 0 ps                       ;
; |Conversion_2|data[0]~reg0 ; |Conversion_2|data[0]~reg0 ; regout           ;        1.0   ; 19.95 us           ; 0 ps                       ;
; |Conversion_2|data_sig[7]  ; |Conversion_2|data_sig[7]  ; regout           ;        0.0   ; 0 ps               ; 0 ps                       ;
; |Conversion_2|data_sig[6]  ; |Conversion_2|data_sig[6]  ; regout           ;        0.0   ; 0 ps               ; 0 ps                       ;
; |Conversion_2|data_sig[5]  ; |Conversion_2|data_sig[5]  ; regout           ;        0.0   ; 0 ps               ; 0 ps                       ;
; |Conversion_2|data_sig[4]  ; |Conversion_2|data_sig[4]  ; regout           ;        0.0   ; 0 ps               ; 0 ps                       ;
; |Conversion_2|data_sig[3]  ; |Conversion_2|data_sig[3]  ; regout           ;        0.0   ; 0 ps               ; 0 ps                       ;
; |Conversion_2|data_sig[2]  ; |Conversion_2|data_sig[2]  ; regout           ;      397.0   ; 11.94 us           ; 0 ps                       ;
; |Conversion_2|data_sig[1]  ; |Conversion_2|data_sig[1]  ; regout           ;      400.0   ; 4.04 us            ; 0 ps                       ;
; |Conversion_2|cpt_sig~1    ; |Conversion_2|cpt_sig~1    ; out              ;        0.0   ; 0 ps               ; 0 ps                       ;
; |Conversion_2|cpt_sig~2    ; |Conversion_2|cpt_sig~2    ; out              ;        0.0   ; 0 ps               ; 0 ps                       ;
; |Conversion_2|cpt_sig~3    ; |Conversion_2|cpt_sig~3    ; out              ;        0.0   ; 0 ps               ; 0 ps                       ;
; |Conversion_2|cpt_sig~4    ; |Conversion_2|cpt_sig~4    ; out              ;        0.0   ; 0 ps               ; 0 ps                       ;
; |Conversion_2|cpt_sig~5    ; |Conversion_2|cpt_sig~5    ; out              ;      400.0   ; 4.98 us            ; 0 ps                       ;
; |Conversion_2|cpt_sig~6    ; |Conversion_2|cpt_sig~6    ; out              ;      798.0   ; 5.0 us             ; 0 ps                       ;
; |Conversion_2|cpt_sig~7    ; |Conversion_2|cpt_sig~7    ; out              ;     1197.0   ; 5.01 us            ; 0 ps                       ;
; |Conversion_2|data_sig~0   ; |Conversion_2|data_sig~0   ; out              ;        0.0   ; 0 ps               ; 0 ps                       ;
; |Conversion_2|data_sig~1   ; |Conversion_2|data_sig~1   ; out              ;        0.0   ; 0 ps               ; 0 ps                       ;
; |Conversion_2|data_sig~2   ; |Conversion_2|data_sig~2   ; out              ;        0.0   ; 0 ps               ; 0 ps                       ;
; |Conversion_2|data_sig~3   ; |Conversion_2|data_sig~3   ; out              ;        0.0   ; 0 ps               ; 0 ps                       ;
; |Conversion_2|data_sig~4   ; |Conversion_2|data_sig~4   ; out              ;        0.0   ; 0 ps               ; 0 ps                       ;
; |Conversion_2|data_sig~5   ; |Conversion_2|data_sig~5   ; out              ;      397.0   ; 12.94 us           ; 0 ps                       ;
; |Conversion_2|data_sig~6   ; |Conversion_2|data_sig~6   ; out              ;      400.0   ; 4.05 us            ; 0 ps                       ;
; |Conversion_2|data_sig~7   ; |Conversion_2|data_sig~7   ; out              ;     1198.0   ; 4.99 us            ; 0 ps                       ;
; |Conversion_2|araz         ; |Conversion_2|araz         ; out              ;        1.0   ; 19.98 us           ; 0 ps                       ;
; |Conversion_2|clk          ; |Conversion_2|clk          ; out              ;      399.0   ; 10.0 us            ; 0 ps                       ;
; |Conversion_2|in_freq      ; |Conversion_2|in_freq      ; out              ;     3999.0   ; 10.0 us            ; 0 ps                       ;
; |Conversion_2|data[0]      ; |Conversion_2|data[0]      ; pin_out          ;        1.0   ; 19.95 us           ; 0 ps                       ;
; |Conversion_2|data[1]      ; |Conversion_2|data[1]      ; pin_out          ;        2.0   ; 100.0 ns           ; 0 ps                       ;
; |Conversion_2|data[2]      ; |Conversion_2|data[2]      ; pin_out          ;        1.0   ; 19.85 us           ; 0 ps                       ;
; |Conversion_2|data[3]      ; |Conversion_2|data[3]      ; pin_out          ;        0.0   ; 0 ps               ; 0 ps                       ;
; |Conversion_2|data[4]      ; |Conversion_2|data[4]      ; pin_out          ;        0.0   ; 0 ps               ; 0 ps                       ;
; |Conversion_2|data[5]      ; |Conversion_2|data[5]      ; pin_out          ;        0.0   ; 0 ps               ; 0 ps                       ;
; |Conversion_2|data[6]      ; |Conversion_2|data[6]      ; pin_out          ;        0.0   ; 0 ps               ; 0 ps                       ;
; |Conversion_2|data[7]      ; |Conversion_2|data[7]      ; pin_out          ;        0.0   ; 0 ps               ; 0 ps                       ;
; |Conversion_2|Add0~0       ; |Conversion_2|Add0~0       ; out0             ;      400.0   ; 4.05 us            ; 0 ps                       ;
; |Conversion_2|Add0~1       ; |Conversion_2|Add0~1       ; out0             ;      398.0   ; 1.99 us            ; 0 ps                       ;
; |Conversion_2|Add0~2       ; |Conversion_2|Add0~2       ; out0             ;      397.0   ; 13.93 us           ; 0 ps                       ;
; |Conversion_2|Add0~3       ; |Conversion_2|Add0~3       ; out0             ;        0.0   ; 0 ps               ; 0 ps                       ;
; |Conversion_2|Add0~4       ; |Conversion_2|Add0~4       ; out0             ;        0.0   ; 0 ps               ; 0 ps                       ;
; |Conversion_2|Add0~5       ; |Conversion_2|Add0~5       ; out0             ;        0.0   ; 0 ps               ; 0 ps                       ;
; |Conversion_2|Add0~6       ; |Conversion_2|Add0~6       ; out0             ;        0.0   ; 0 ps               ; 0 ps                       ;
; |Conversion_2|Add0~7       ; |Conversion_2|Add0~7       ; out0             ;        0.0   ; 0 ps               ; 0 ps                       ;
; |Conversion_2|Add0~8       ; |Conversion_2|Add0~8       ; out0             ;        0.0   ; 0 ps               ; 0 ps                       ;
; |Conversion_2|Add0~9       ; |Conversion_2|Add0~9       ; out0             ;        0.0   ; 0 ps               ; 0 ps                       ;
; |Conversion_2|Add0~10      ; |Conversion_2|Add0~10      ; out0             ;        0.0   ; 0 ps               ; 0 ps                       ;
; |Conversion_2|Add0~11      ; |Conversion_2|Add0~11      ; out0             ;        0.0   ; 0 ps               ; 0 ps                       ;
; |Conversion_2|Add0~12      ; |Conversion_2|Add0~12      ; out0             ;        0.0   ; 0 ps               ; 0 ps                       ;
; |Conversion_2|Add1~0       ; |Conversion_2|Add1~0       ; out0             ;      798.0   ; 5.99 us            ; 0 ps                       ;
; |Conversion_2|Add1~1       ; |Conversion_2|Add1~1       ; out0             ;      400.0   ; 2.0 us             ; 0 ps                       ;
; |Conversion_2|Add1~2       ; |Conversion_2|Add1~2       ; out0             ;      400.0   ; 5.98 us            ; 0 ps                       ;
; |Conversion_2|Add1~3       ; |Conversion_2|Add1~3       ; out0             ;        0.0   ; 0 ps               ; 0 ps                       ;
; |Conversion_2|Add1~4       ; |Conversion_2|Add1~4       ; out0             ;        0.0   ; 0 ps               ; 0 ps                       ;
; |Conversion_2|Add1~5       ; |Conversion_2|Add1~5       ; out0             ;        0.0   ; 0 ps               ; 0 ps                       ;
; |Conversion_2|Add1~6       ; |Conversion_2|Add1~6       ; out0             ;        0.0   ; 0 ps               ; 0 ps                       ;
; |Conversion_2|Add1~7       ; |Conversion_2|Add1~7       ; out0             ;        0.0   ; 0 ps               ; 0 ps                       ;
; |Conversion_2|Add1~8       ; |Conversion_2|Add1~8       ; out0             ;        0.0   ; 0 ps               ; 0 ps                       ;
; |Conversion_2|Add1~9       ; |Conversion_2|Add1~9       ; out0             ;        0.0   ; 0 ps               ; 0 ps                       ;
; |Conversion_2|Add1~10      ; |Conversion_2|Add1~10      ; out0             ;        0.0   ; 0 ps               ; 0 ps                       ;
; |Conversion_2|Add1~11      ; |Conversion_2|Add1~11      ; out0             ;        0.0   ; 0 ps               ; 0 ps                       ;
; |Conversion_2|Add1~12      ; |Conversion_2|Add1~12      ; out0             ;        0.0   ; 0 ps               ; 0 ps                       ;
+----------------------------+----------------------------+------------------+--------------+--------------------+----------------------------+


+--------------------------------------------------------------------+
; Coverage Summary                                                   ;
+-----------------------------------------------------+--------------+
; Type                                                ; Value        ;
+-----------------------------------------------------+--------------+
; Total coverage as a percentage                      ;      30.59 % ;
; Total nodes checked                                 ; 85           ;
; Total output ports checked                          ; 85           ;
; Total output ports with complete 1/0-value coverage ; 26           ;
; Total output ports with no 1/0-value coverage       ; 52           ;
; Total output ports with no 1-value coverage         ; 52           ;
; Total output ports with no 0-value coverage         ; 59           ;
+-----------------------------------------------------+--------------+


The following table displays output ports that toggle between 1 and 0 during simulation.
+----------------------------------------------------------------------------+
; Complete 1/0-Value Coverage                                                ;
+----------------------------+----------------------------+------------------+
; Node Name                  ; Output Port Name           ; Output Port Type ;
+----------------------------+----------------------------+------------------+
; |Conversion_2|data~6       ; |Conversion_2|data~6       ; out              ;
; |Conversion_2|data_sig[0]  ; |Conversion_2|data_sig[0]  ; regout           ;
; |Conversion_2|cpt_sig[2]   ; |Conversion_2|cpt_sig[2]   ; regout           ;
; |Conversion_2|cpt_sig[1]   ; |Conversion_2|cpt_sig[1]   ; regout           ;
; |Conversion_2|cpt_sig[0]   ; |Conversion_2|cpt_sig[0]   ; regout           ;
; |Conversion_2|data[1]~reg0 ; |Conversion_2|data[1]~reg0 ; regout           ;
; |Conversion_2|data_sig[2]  ; |Conversion_2|data_sig[2]  ; regout           ;
; |Conversion_2|data_sig[1]  ; |Conversion_2|data_sig[1]  ; regout           ;
; |Conversion_2|cpt_sig~4    ; |Conversion_2|cpt_sig~4    ; out              ;
; |Conversion_2|cpt_sig~5    ; |Conversion_2|cpt_sig~5    ; out              ;
; |Conversion_2|cpt_sig~6    ; |Conversion_2|cpt_sig~6    ; out              ;
; |Conversion_2|cpt_sig~7    ; |Conversion_2|cpt_sig~7    ; out              ;
; |Conversion_2|data_sig~5   ; |Conversion_2|data_sig~5   ; out              ;
; |Conversion_2|data_sig~6   ; |Conversion_2|data_sig~6   ; out              ;
; |Conversion_2|data_sig~7   ; |Conversion_2|data_sig~7   ; out              ;
; |Conversion_2|clk          ; |Conversion_2|clk          ; out              ;
; |Conversion_2|in_freq      ; |Conversion_2|in_freq      ; out              ;
; |Conversion_2|data[1]      ; |Conversion_2|data[1]      ; pin_out          ;
; |Conversion_2|Add0~0       ; |Conversion_2|Add0~0       ; out0             ;
; |Conversion_2|Add0~1       ; |Conversion_2|Add0~1       ; out0             ;
; |Conversion_2|Add0~2       ; |Conversion_2|Add0~2       ; out0             ;
; |Conversion_2|Add1~0       ; |Conversion_2|Add1~0       ; out0             ;
; |Conversion_2|Add1~1       ; |Conversion_2|Add1~1       ; out0             ;
; |Conversion_2|Add1~2       ; |Conversion_2|Add1~2       ; out0             ;
; |Conversion_2|Add1~3       ; |Conversion_2|Add1~3       ; out0             ;
; |Conversion_2|Add1~4       ; |Conversion_2|Add1~4       ; out0             ;
+----------------------------+----------------------------+------------------+


The following table displays output ports that do not toggle to 1 during simulation.
+----------------------------------------------------------------------------+
; Missing 1-Value Coverage                                                   ;
+----------------------------+----------------------------+------------------+
; Node Name                  ; Output Port Name           ; Output Port Type ;
+----------------------------+----------------------------+------------------+
; |Conversion_2|cpt_sig~0    ; |Conversion_2|cpt_sig~0    ; out              ;
; |Conversion_2|data~0       ; |Conversion_2|data~0       ; out              ;
; |Conversion_2|data~1       ; |Conversion_2|data~1       ; out              ;
; |Conversion_2|data~2       ; |Conversion_2|data~2       ; out              ;
; |Conversion_2|data~3       ; |Conversion_2|data~3       ; out              ;
; |Conversion_2|data~4       ; |Conversion_2|data~4       ; out              ;
; |Conversion_2|cpt_sig[7]   ; |Conversion_2|cpt_sig[7]   ; regout           ;
; |Conversion_2|cpt_sig[6]   ; |Conversion_2|cpt_sig[6]   ; regout           ;
; |Conversion_2|cpt_sig[5]   ; |Conversion_2|cpt_sig[5]   ; regout           ;
; |Conversion_2|cpt_sig[4]   ; |Conversion_2|cpt_sig[4]   ; regout           ;
; |Conversion_2|cpt_sig[3]   ; |Conversion_2|cpt_sig[3]   ; regout           ;
; |Conversion_2|data[7]~reg0 ; |Conversion_2|data[7]~reg0 ; regout           ;
; |Conversion_2|data[6]~reg0 ; |Conversion_2|data[6]~reg0 ; regout           ;
; |Conversion_2|data[5]~reg0 ; |Conversion_2|data[5]~reg0 ; regout           ;
; |Conversion_2|data[4]~reg0 ; |Conversion_2|data[4]~reg0 ; regout           ;
; |Conversion_2|data[3]~reg0 ; |Conversion_2|data[3]~reg0 ; regout           ;
; |Conversion_2|data_sig[7]  ; |Conversion_2|data_sig[7]  ; regout           ;
; |Conversion_2|data_sig[6]  ; |Conversion_2|data_sig[6]  ; regout           ;
; |Conversion_2|data_sig[5]  ; |Conversion_2|data_sig[5]  ; regout           ;
; |Conversion_2|data_sig[4]  ; |Conversion_2|data_sig[4]  ; regout           ;
; |Conversion_2|data_sig[3]  ; |Conversion_2|data_sig[3]  ; regout           ;
; |Conversion_2|cpt_sig~1    ; |Conversion_2|cpt_sig~1    ; out              ;
; |Conversion_2|cpt_sig~2    ; |Conversion_2|cpt_sig~2    ; out              ;
; |Conversion_2|cpt_sig~3    ; |Conversion_2|cpt_sig~3    ; out              ;
; |Conversion_2|data_sig~0   ; |Conversion_2|data_sig~0   ; out              ;
; |Conversion_2|data_sig~1   ; |Conversion_2|data_sig~1   ; out              ;
; |Conversion_2|data_sig~2   ; |Conversion_2|data_sig~2   ; out              ;
; |Conversion_2|data_sig~3   ; |Conversion_2|data_sig~3   ; out              ;
; |Conversion_2|data_sig~4   ; |Conversion_2|data_sig~4   ; out              ;
; |Conversion_2|data[3]      ; |Conversion_2|data[3]      ; pin_out          ;
; |Conversion_2|data[4]      ; |Conversion_2|data[4]      ; pin_out          ;
; |Conversion_2|data[5]      ; |Conversion_2|data[5]      ; pin_out          ;
; |Conversion_2|data[6]      ; |Conversion_2|data[6]      ; pin_out          ;
; |Conversion_2|data[7]      ; |Conversion_2|data[7]      ; pin_out          ;
; |Conversion_2|Add0~3       ; |Conversion_2|Add0~3       ; out0             ;
; |Conversion_2|Add0~4       ; |Conversion_2|Add0~4       ; out0             ;
; |Conversion_2|Add0~5       ; |Conversion_2|Add0~5       ; out0             ;
; |Conversion_2|Add0~6       ; |Conversion_2|Add0~6       ; out0             ;
; |Conversion_2|Add0~7       ; |Conversion_2|Add0~7       ; out0             ;
; |Conversion_2|Add0~8       ; |Conversion_2|Add0~8       ; out0             ;
; |Conversion_2|Add0~9       ; |Conversion_2|Add0~9       ; out0             ;
; |Conversion_2|Add0~10      ; |Conversion_2|Add0~10      ; out0             ;
; |Conversion_2|Add0~11      ; |Conversion_2|Add0~11      ; out0             ;
; |Conversion_2|Add0~12      ; |Conversion_2|Add0~12      ; out0             ;
; |Conversion_2|Add1~5       ; |Conversion_2|Add1~5       ; out0             ;
; |Conversion_2|Add1~6       ; |Conversion_2|Add1~6       ; out0             ;
; |Conversion_2|Add1~7       ; |Conversion_2|Add1~7       ; out0             ;
; |Conversion_2|Add1~8       ; |Conversion_2|Add1~8       ; out0             ;
; |Conversion_2|Add1~9       ; |Conversion_2|Add1~9       ; out0             ;
; |Conversion_2|Add1~10      ; |Conversion_2|Add1~10      ; out0             ;
; |Conversion_2|Add1~11      ; |Conversion_2|Add1~11      ; out0             ;
; |Conversion_2|Add1~12      ; |Conversion_2|Add1~12      ; out0             ;
+----------------------------+----------------------------+------------------+


The following table displays output ports that do not toggle to 0 during simulation.
+----------------------------------------------------------------------------+
; Missing 0-Value Coverage                                                   ;
+----------------------------+----------------------------+------------------+
; Node Name                  ; Output Port Name           ; Output Port Type ;
+----------------------------+----------------------------+------------------+
; |Conversion_2|cpt_sig~0    ; |Conversion_2|cpt_sig~0    ; out              ;
; |Conversion_2|data~0       ; |Conversion_2|data~0       ; out              ;
; |Conversion_2|data~1       ; |Conversion_2|data~1       ; out              ;
; |Conversion_2|data~2       ; |Conversion_2|data~2       ; out              ;
; |Conversion_2|data~3       ; |Conversion_2|data~3       ; out              ;
; |Conversion_2|data~4       ; |Conversion_2|data~4       ; out              ;
; |Conversion_2|data~5       ; |Conversion_2|data~5       ; out              ;
; |Conversion_2|data~7       ; |Conversion_2|data~7       ; out              ;
; |Conversion_2|cpt_sig[7]   ; |Conversion_2|cpt_sig[7]   ; regout           ;
; |Conversion_2|cpt_sig[6]   ; |Conversion_2|cpt_sig[6]   ; regout           ;
; |Conversion_2|cpt_sig[5]   ; |Conversion_2|cpt_sig[5]   ; regout           ;
; |Conversion_2|cpt_sig[4]   ; |Conversion_2|cpt_sig[4]   ; regout           ;
; |Conversion_2|cpt_sig[3]   ; |Conversion_2|cpt_sig[3]   ; regout           ;
; |Conversion_2|data[7]~reg0 ; |Conversion_2|data[7]~reg0 ; regout           ;
; |Conversion_2|data[6]~reg0 ; |Conversion_2|data[6]~reg0 ; regout           ;
; |Conversion_2|data[5]~reg0 ; |Conversion_2|data[5]~reg0 ; regout           ;
; |Conversion_2|data[4]~reg0 ; |Conversion_2|data[4]~reg0 ; regout           ;
; |Conversion_2|data[3]~reg0 ; |Conversion_2|data[3]~reg0 ; regout           ;
; |Conversion_2|data[2]~reg0 ; |Conversion_2|data[2]~reg0 ; regout           ;
; |Conversion_2|data[0]~reg0 ; |Conversion_2|data[0]~reg0 ; regout           ;
; |Conversion_2|data_sig[7]  ; |Conversion_2|data_sig[7]  ; regout           ;
; |Conversion_2|data_sig[6]  ; |Conversion_2|data_sig[6]  ; regout           ;
; |Conversion_2|data_sig[5]  ; |Conversion_2|data_sig[5]  ; regout           ;
; |Conversion_2|data_sig[4]  ; |Conversion_2|data_sig[4]  ; regout           ;
; |Conversion_2|data_sig[3]  ; |Conversion_2|data_sig[3]  ; regout           ;
; |Conversion_2|cpt_sig~1    ; |Conversion_2|cpt_sig~1    ; out              ;
; |Conversion_2|cpt_sig~2    ; |Conversion_2|cpt_sig~2    ; out              ;
; |Conversion_2|cpt_sig~3    ; |Conversion_2|cpt_sig~3    ; out              ;
; |Conversion_2|data_sig~0   ; |Conversion_2|data_sig~0   ; out              ;
; |Conversion_2|data_sig~1   ; |Conversion_2|data_sig~1   ; out              ;
; |Conversion_2|data_sig~2   ; |Conversion_2|data_sig~2   ; out              ;
; |Conversion_2|data_sig~3   ; |Conversion_2|data_sig~3   ; out              ;
; |Conversion_2|data_sig~4   ; |Conversion_2|data_sig~4   ; out              ;
; |Conversion_2|araz         ; |Conversion_2|araz         ; out              ;
; |Conversion_2|data[0]      ; |Conversion_2|data[0]      ; pin_out          ;
; |Conversion_2|data[2]      ; |Conversion_2|data[2]      ; pin_out          ;
; |Conversion_2|data[3]      ; |Conversion_2|data[3]      ; pin_out          ;
; |Conversion_2|data[4]      ; |Conversion_2|data[4]      ; pin_out          ;
; |Conversion_2|data[5]      ; |Conversion_2|data[5]      ; pin_out          ;
; |Conversion_2|data[6]      ; |Conversion_2|data[6]      ; pin_out          ;
; |Conversion_2|data[7]      ; |Conversion_2|data[7]      ; pin_out          ;
; |Conversion_2|Add0~3       ; |Conversion_2|Add0~3       ; out0             ;
; |Conversion_2|Add0~4       ; |Conversion_2|Add0~4       ; out0             ;
; |Conversion_2|Add0~5       ; |Conversion_2|Add0~5       ; out0             ;
; |Conversion_2|Add0~6       ; |Conversion_2|Add0~6       ; out0             ;
; |Conversion_2|Add0~7       ; |Conversion_2|Add0~7       ; out0             ;
; |Conversion_2|Add0~8       ; |Conversion_2|Add0~8       ; out0             ;
; |Conversion_2|Add0~9       ; |Conversion_2|Add0~9       ; out0             ;
; |Conversion_2|Add0~10      ; |Conversion_2|Add0~10      ; out0             ;
; |Conversion_2|Add0~11      ; |Conversion_2|Add0~11      ; out0             ;
; |Conversion_2|Add0~12      ; |Conversion_2|Add0~12      ; out0             ;
; |Conversion_2|Add1~5       ; |Conversion_2|Add1~5       ; out0             ;
; |Conversion_2|Add1~6       ; |Conversion_2|Add1~6       ; out0             ;
; |Conversion_2|Add1~7       ; |Conversion_2|Add1~7       ; out0             ;
; |Conversion_2|Add1~8       ; |Conversion_2|Add1~8       ; out0             ;
; |Conversion_2|Add1~9       ; |Conversion_2|Add1~9       ; out0             ;
; |Conversion_2|Add1~10      ; |Conversion_2|Add1~10      ; out0             ;
; |Conversion_2|Add1~11      ; |Conversion_2|Add1~11      ; out0             ;
; |Conversion_2|Add1~12      ; |Conversion_2|Add1~12      ; out0             ;
+----------------------------+----------------------------+------------------+


+---------------------+
; Simulator INI Usage ;
+--------+------------+
; Option ; Usage      ;
+--------+------------+


+--------------------+
; Simulator Messages ;
+--------------------+
Info: *******************************************************************
Info: Running Quartus II Simulator
    Info: Version 9.0 Build 235 06/17/2009 Service Pack 2 SJ Web Edition
    Info: Processing started: Mon Sep 28 10:39:57 2020
Info: Command: quartus_sim --read_settings_files=on --write_settings_files=off anemometre -c anemometre
Info: Using vector source file "C:/Users/Etudiant/Desktop/projet/anemometre/Conversion_2_sim.vwf"
Info: Overwriting simulation input file with simulation results
    Info: A backup of Conversion_2_sim.vwf called anemometre.sim_ori.vwf has been created in the db folder
Info: Option to preserve fewer signal transitions to reduce memory requirements is enabled
    Info: Simulation has been partitioned into sub-simulations according to the maximum transition count determined by the engine. Transitions from memory will be flushed out to disk at the end of each sub-simulation to reduce memory requirements.
Info: Simulation partitioned into 1 sub-simulations
Info: Created Signal Activity File C:/Users/Etudiant/Desktop/projet/anemometre/anemometre.saf
Info: Simulation coverage is      30.59 %
Info: Number of transitions in simulation is 19969
Info: Vector file Conversion_2_sim.vwf is saved in VWF text format. You can compress it into CVWF format in order to reduce file size. For more details please refer to the Quartus II Help.
Info: Quartus II Simulator was successful. 0 errors, 0 warnings
    Info: Peak virtual memory: 150 megabytes
    Info: Processing ended: Mon Sep 28 10:39:57 2020
    Info: Elapsed time: 00:00:00
    Info: Total CPU time (on all processors): 00:00:00


