Flow report for sopc_anemometre
Sun Dec 13 19:56:15 2020
Quartus II 32-bit Version 11.1 Build 259 01/25/2012 Service Pack 2 SJ Web Edition


---------------------
; Table of Contents ;
---------------------
  1. Legal Notice
  2. Flow Summary
  3. Flow Settings
  4. Flow Non-Default Global Settings
  5. Flow Elapsed Time
  6. Flow OS Summary
  7. Flow Log



----------------
; Legal Notice ;
----------------
Copyright (C) 1991-2011 Altera Corporation
Your use of Altera Corporation's design tools, logic functions 
and other software and tools, and its AMPP partner logic 
functions, and any output files from any of the foregoing 
(including device programming or simulation files), and any 
associated documentation or information are expressly subject 
to the terms and conditions of the Altera Program License 
Subscription Agreement, Altera MegaCore Function License 
Agreement, or other applicable license agreement, including, 
without limitation, that your use is for the sole purpose of 
programming logic devices manufactured by Altera and sold by 
Altera or its authorized distributors.  Please refer to the 
applicable agreement for further details.



+------------------------------------------------------------------------------------+
; Flow Summary                                                                       ;
+------------------------------------+-----------------------------------------------+
; Flow Status                        ; Successful - Sun Dec 13 19:56:10 2020         ;
; Quartus II 32-bit Version          ; 11.1 Build 259 01/25/2012 SP 2 SJ Web Edition ;
; Revision Name                      ; sopc_anemometre                               ;
; Top-level Entity Name              ; sopc_anemometre                               ;
; Family                             ; Cyclone IV E                                  ;
; Device                             ; EP4CE22F17C6                                  ;
; Timing Models                      ; Final                                         ;
; Total logic elements               ; 1,663 / 22,320 ( 7 % )                        ;
;     Total combinational functions  ; 1,562 / 22,320 ( 7 % )                        ;
;     Dedicated logic registers      ; 848 / 22,320 ( 4 % )                          ;
; Total registers                    ; 848                                           ;
; Total pins                         ; 11 / 154 ( 7 % )                              ;
; Total virtual pins                 ; 0                                             ;
; Total memory bits                  ; 171,264 / 608,256 ( 28 % )                    ;
; Embedded Multiplier 9-bit elements ; 0 / 132 ( 0 % )                               ;
; Total PLLs                         ; 0 / 4 ( 0 % )                                 ;
+------------------------------------+-----------------------------------------------+


+-----------------------------------------+
; Flow Settings                           ;
+-------------------+---------------------+
; Option            ; Setting             ;
+-------------------+---------------------+
; Start date & time ; 12/13/2020 19:54:59 ;
; Main task         ; Compilation         ;
; Revision Name     ; sopc_anemometre     ;
+-------------------+---------------------+


+-----------------------------------------------------------------------------------------------------------------+
; Flow Non-Default Global Settings                                                                                ;
+-------------------------------------+--------------------------------+---------------+-------------+------------+
; Assignment Name                     ; Value                          ; Default Value ; Entity Name ; Section Id ;
+-------------------------------------+--------------------------------+---------------+-------------+------------+
; COMPILER_SIGNATURE_ID               ; 84440849534662.160788569701132 ; --            ; --          ; --         ;
; IP_TOOL_ENV                         ; sopc                           ; --            ; sopc_anem   ; --         ;
; IP_TOOL_NAME                        ; sopc                           ; --            ; sopc_anem   ; --         ;
; IP_TOOL_VERSION                     ; 11.1sp2                        ; --            ; sopc_anem   ; --         ;
; MAX_CORE_JUNCTION_TEMP              ; 85                             ; --            ; --          ; --         ;
; MIN_CORE_JUNCTION_TEMP              ; 0                              ; --            ; --          ; --         ;
; NOMINAL_CORE_SUPPLY_VOLTAGE         ; 1.2V                           ; --            ; --          ; --         ;
; PARTITION_COLOR                     ; 16764057                       ; --            ; --          ; Top        ;
; PARTITION_FITTER_PRESERVATION_LEVEL ; PLACEMENT_AND_ROUTING          ; --            ; --          ; Top        ;
; PARTITION_NETLIST_TYPE              ; SOURCE                         ; --            ; --          ; Top        ;
; SOPC_BUILDER_SIGNATURE_ID           ; 4CCC6AD74EC6000001765D6C0FDE   ; --            ; --          ; --         ;
+-------------------------------------+--------------------------------+---------------+-------------+------------+


+-------------------------------------------------------------------------------------------------------------------------------+
; Flow Elapsed Time                                                                                                             ;
+---------------------------+--------------+-------------------------+---------------------+------------------------------------+
; Module Name               ; Elapsed Time ; Average Processors Used ; Peak Virtual Memory ; Total CPU Time (on all processors) ;
+---------------------------+--------------+-------------------------+---------------------+------------------------------------+
; Analysis & Synthesis      ; 00:00:35     ; 1.0                     ; 386 MB              ; 00:00:08                           ;
; Fitter                    ; 00:00:20     ; 1.0                     ; 447 MB              ; 00:00:07                           ;
; Assembler                 ; 00:00:03     ; 1.0                     ; 342 MB              ; 00:00:01                           ;
; TimeQuest Timing Analyzer ; 00:00:10     ; 1.0                     ; 353 MB              ; 00:00:03                           ;
; Total                     ; 00:01:08     ; --                      ; --                  ; 00:00:19                           ;
+---------------------------+--------------+-------------------------+---------------------+------------------------------------+


+----------------------------------------------------------------------------------------+
; Flow OS Summary                                                                        ;
+---------------------------+------------------+-----------+------------+----------------+
; Module Name               ; Machine Hostname ; OS Name   ; OS Version ; Processor type ;
+---------------------------+------------------+-----------+------------+----------------+
; Analysis & Synthesis      ; DESKTOP-72FANJJ  ; Windows 7 ; 6.2        ; x86_64         ;
; Fitter                    ; DESKTOP-72FANJJ  ; Windows 7 ; 6.2        ; x86_64         ;
; Assembler                 ; DESKTOP-72FANJJ  ; Windows 7 ; 6.2        ; x86_64         ;
; TimeQuest Timing Analyzer ; DESKTOP-72FANJJ  ; Windows 7 ; 6.2        ; x86_64         ;
+---------------------------+------------------+-----------+------------+----------------+


------------
; Flow Log ;
------------
quartus_map --read_settings_files=on --write_settings_files=off sopc_anemometre -c sopc_anemometre
quartus_fit --read_settings_files=off --write_settings_files=off sopc_anemometre -c sopc_anemometre
quartus_asm --read_settings_files=off --write_settings_files=off sopc_anemometre -c sopc_anemometre
quartus_sta sopc_anemometre -c sopc_anemometre



